   34  iter    data misfit       model norm              beta
       0       5.64204E+03       5.46667E-14       0.00000E+00
       1       6.33532E+07       4.38212E+02       1.14346E-01
       2       1.02966E+07       3.64152E+02       5.45243E+02
       3       2.69542E+04       8.02027E+01       4.36194E+05
       4       5.64196E+03       1.46752E-05       2.07994E+09
       5       5.64198E+03       1.46643E-05       1.03997E+09
       6       5.64200E+03       1.46595E-05       5.19984E+08
       7       5.64201E+03       1.46575E-05       2.59992E+08
       8       5.64201E+03       1.46557E-05       1.29996E+08
       9       5.64202E+03       1.46550E-05       6.49980E+07
      10       5.64202E+03       1.46546E-05       3.24990E+07
      11       5.64202E+03       1.46544E-05       1.62495E+07
      12       5.64202E+03       1.46544E-05       8.12475E+06
      13       5.64202E+03       1.46551E-05       4.06238E+06
      14       5.64201E+03       1.46570E-05       2.03119E+06
      15       5.64199E+03       1.46636E-05       1.01559E+06
      16       5.64194E+03       1.46882E-05       5.07797E+05
      17       5.64182E+03       1.48325E-05       2.53899E+05
      18       5.64158E+03       1.54333E-05       1.26949E+05
      19       5.64124E+03       1.70563E-05       6.34746E+04
      20       5.64027E+03       2.64091E-05       3.17373E+04
      21       5.63889E+03       5.20977E-05       1.58687E+04
      22       5.63605E+03       1.50455E-04       7.93433E+03
      23       5.63030E+03       5.37058E-04       3.96716E+03
      24       2.87722E+03       1.02399E+01       7.43993E+01
      25       1.43861E+03       1.86332E+01       1.10393E+02
      26       7.19307E+02       2.41106E+01       9.83432E+01
      27       3.59654E+02       2.77772E+01       7.79252E+01
      28       1.79828E+02       3.02835E+01       5.87792E+01
      29       8.99138E+01       3.20185E+01       4.32518E+01
      30       4.49569E+01       3.32283E+01       3.13760E+01
      31       2.24786E+01       3.40760E+01       2.25664E+01
      32       1.12376E+01       3.46717E+01       1.61389E+01
      33       5.99868E+00       3.50574E+01       1.19315E+01
      34       6.00000E+00       3.50572E+01       1.24098E+01
 6.00000E+00 target misfit
           3 number of data
